app/build/intermediates/manifest_merge_blame_file/debug/manifest-merger-blame-debug-report.txt
1<?xml version="1.0" encoding="utf-8"?>
2<manifest xmlns:android="http://schemas.android.com/apk/res/android"
3    package="com.google.mlkit.showcase.translate"
4    android:versionCode="1"
5    android:versionName="1.0" >
6
7    <uses-sdk
8        android:minSdkVersion="21"
8-->src/main/AndroidManifest.xml
9        android:targetSdkVersion="32" />
9-->src/main/AndroidManifest.xml
10
11    <uses-permission android:name="android.permission.CAMERA" />
11-->src/main/AndroidManifest.xml:5:3-63
11-->src/main/AndroidManifest.xml:5:20-60
12    <uses-permission android:name="android.permission.INTERNET" />
12-->src/main/AndroidManifest.xml:6:3-65
12-->src/main/AndroidManifest.xml:6:20-62
13    <uses-permission android:name="android.permission.ACCESS_NETWORK_STATE" />
13-->src/main/AndroidManifest.xml:7:3-77
13-->src/main/AndroidManifest.xml:7:20-74
14
15    <application
15-->src/main/AndroidManifest.xml:9:3-28:17
16        android:allowBackup="true"
16-->src/main/AndroidManifest.xml:10:7-33
17        android:appComponentFactory="androidx.core.app.CoreComponentFactory"
17-->[androidx.core:core:1.7.0] AndroidManifest.xml:24:18-86
18        android:debuggable="true"
19        android:icon="@drawable/logo_mlkit"
19-->src/main/AndroidManifest.xml:11:7-42
20        android:label="Detect Text"
20-->src/main/AndroidManifest.xml:12:7-34
21        android:supportsRtl="true"
21-->src/main/AndroidManifest.xml:13:7-33
22        android:testOnly="true"
23        android:theme="@style/AppTheme" >
23-->src/main/AndroidManifest.xml:14:7-38
24        <activity
24-->src/main/AndroidManifest.xml:15:5-23:16
25            android:name="com.google.mlkit.showcase.translate.MainActivity"
25-->src/main/AndroidManifest.xml:16:9-37
26            android:exported="true"
26-->src/main/AndroidManifest.xml:17:9-32
27            android:screenOrientation="portrait" >
27-->src/main/AndroidManifest.xml:18:9-45
28            <intent-filter>
28-->src/main/AndroidManifest.xml:19:7-22:23
29                <action android:name="android.intent.action.MAIN" />
29-->src/main/AndroidManifest.xml:20:9-61
29-->src/main/AndroidManifest.xml:20:17-58
30
31                <category android:name="android.intent.category.LAUNCHER" />
31-->src/main/AndroidManifest.xml:21:9-69
31-->src/main/AndroidManifest.xml:21:19-66
32            </intent-filter>
33        </activity>
34        <!-- Automatically download the text recognition model after app install. -->
35        <meta-data
35-->src/main/AndroidManifest.xml:25:5-27:31
36            android:name="com.google.mlkit.vision.DEPENDENCIES"
36-->src/main/AndroidManifest.xml:26:9-60
37            android:value="ocr" />
37-->src/main/AndroidManifest.xml:27:9-28
38
39        <service
39-->[com.google.android.gms:play-services-mlkit-text-recognition-common:17.0.0] AndroidManifest.xml:9:9-15:19
40            android:name="com.google.mlkit.common.internal.MlKitComponentDiscoveryService"
40-->[com.google.android.gms:play-services-mlkit-text-recognition-common:17.0.0] AndroidManifest.xml:10:13-91
41            android:directBootAware="true"
41-->[com.google.mlkit:common:18.0.0] AndroidManifest.xml:17:13-43
42            android:exported="false" >
42-->[com.google.android.gms:play-services-mlkit-text-recognition-common:17.0.0] AndroidManifest.xml:11:13-37
43            <meta-data
43-->[com.google.android.gms:play-services-mlkit-text-recognition-common:17.0.0] AndroidManifest.xml:12:13-14:85
44                android:name="com.google.firebase.components:com.google.mlkit.vision.text.internal.TextRegistrar"
44-->[com.google.android.gms:play-services-mlkit-text-recognition-common:17.0.0] AndroidManifest.xml:13:17-114
45                android:value="com.google.firebase.components.ComponentRegistrar" />
45-->[com.google.android.gms:play-services-mlkit-text-recognition-common:17.0.0] AndroidManifest.xml:14:17-82
46            <meta-data
46-->[com.google.mlkit:vision-common:17.0.0] AndroidManifest.xml:12:13-14:85
47                android:name="com.google.firebase.components:com.google.mlkit.vision.common.internal.VisionCommonRegistrar"
47-->[com.google.mlkit:vision-common:17.0.0] AndroidManifest.xml:13:17-124
48                android:value="com.google.firebase.components.ComponentRegistrar" />
48-->[com.google.mlkit:vision-common:17.0.0] AndroidManifest.xml:14:17-82
49            <meta-data
49-->[com.google.mlkit:common:18.0.0] AndroidManifest.xml:20:13-22:85
50                android:name="com.google.firebase.components:com.google.mlkit.common.internal.CommonComponentRegistrar"
50-->[com.google.mlkit:common:18.0.0] AndroidManifest.xml:21:17-120
51                android:value="com.google.firebase.components.ComponentRegistrar" />
51-->[com.google.mlkit:common:18.0.0] AndroidManifest.xml:22:17-82
52        </service>
53
54        <provider
54-->[com.google.mlkit:common:18.0.0] AndroidManifest.xml:9:9-13:38
55            android:name="com.google.mlkit.common.internal.MlKitInitProvider"
55-->[com.google.mlkit:common:18.0.0] AndroidManifest.xml:10:13-78
56            android:authorities="com.google.mlkit.showcase.translate.mlkitinitprovider"
56-->[com.google.mlkit:common:18.0.0] AndroidManifest.xml:11:13-69
57            android:exported="false"
57-->[com.google.mlkit:common:18.0.0] AndroidManifest.xml:12:13-37
58            android:initOrder="99" />
58-->[com.google.mlkit:common:18.0.0] AndroidManifest.xml:13:13-35
59
60        <activity
60-->[com.google.android.gms:play-services-base:18.0.1] AndroidManifest.xml:20:9-22:45
61            android:name="com.google.android.gms.common.api.GoogleApiActivity"
61-->[com.google.android.gms:play-services-base:18.0.1] AndroidManifest.xml:20:19-85
62            android:exported="false"
62-->[com.google.android.gms:play-services-base:18.0.1] AndroidManifest.xml:22:19-43
63            android:theme="@android:style/Theme.Translucent.NoTitleBar" />
63-->[com.google.android.gms:play-services-base:18.0.1] AndroidManifest.xml:21:19-78
64
65        <meta-data
65-->[com.google.android.gms:play-services-basement:18.0.0] AndroidManifest.xml:21:9-23:69
66            android:name="com.google.android.gms.version"
66-->[com.google.android.gms:play-services-basement:18.0.0] AndroidManifest.xml:22:13-58
67            android:value="@integer/google_play_services_version" />
67-->[com.google.android.gms:play-services-basement:18.0.0] AndroidManifest.xml:23:13-66
68
69        <service
69-->[androidx.camera:camera-camera2:1.1.0] AndroidManifest.xml:26:9-35:19
70            android:name="androidx.camera.core.impl.MetadataHolderService"
70-->[androidx.camera:camera-camera2:1.1.0] AndroidManifest.xml:27:13-75
71            android:enabled="false"
71-->[androidx.camera:camera-camera2:1.1.0] AndroidManifest.xml:28:13-36
72            android:exported="false" >
72-->[androidx.camera:camera-camera2:1.1.0] AndroidManifest.xml:29:13-37
73            <meta-data
73-->[androidx.camera:camera-camera2:1.1.0] AndroidManifest.xml:32:13-34:89
74                android:name="androidx.camera.core.impl.MetadataHolderService.DEFAULT_CONFIG_PROVIDER"
74-->[androidx.camera:camera-camera2:1.1.0] AndroidManifest.xml:33:17-103
75                android:value="androidx.camera.camera2.Camera2Config$DefaultProvider" />
75-->[androidx.camera:camera-camera2:1.1.0] AndroidManifest.xml:34:17-86
76        </service>
77
78        <provider
78-->[androidx.emoji2:emoji2:1.0.0] AndroidManifest.xml:26:9-34:20
79            android:name="androidx.startup.InitializationProvider"
79-->[androidx.emoji2:emoji2:1.0.0] AndroidManifest.xml:27:13-67
80            android:authorities="com.google.mlkit.showcase.translate.androidx-startup"
80-->[androidx.emoji2:emoji2:1.0.0] AndroidManifest.xml:28:13-68
81            android:exported="false" >
81-->[androidx.emoji2:emoji2:1.0.0] AndroidManifest.xml:29:13-37
82            <meta-data
82-->[androidx.emoji2:emoji2:1.0.0] AndroidManifest.xml:31:13-33:52
83                android:name="androidx.emoji2.text.EmojiCompatInitializer"
83-->[androidx.emoji2:emoji2:1.0.0] AndroidManifest.xml:32:17-75
84                android:value="androidx.startup" />
84-->[androidx.emoji2:emoji2:1.0.0] AndroidManifest.xml:33:17-49
85            <meta-data
85-->[androidx.lifecycle:lifecycle-process:2.4.0] AndroidManifest.xml:31:13-33:52
86                android:name="androidx.lifecycle.ProcessLifecycleInitializer"
86-->[androidx.lifecycle:lifecycle-process:2.4.0] AndroidManifest.xml:32:17-78
87                android:value="androidx.startup" />
87-->[androidx.lifecycle:lifecycle-process:2.4.0] AndroidManifest.xml:33:17-49
88        </provider>
89
90        <service
90-->[com.google.android.datatransport:transport-backend-cct:2.3.3] AndroidManifest.xml:29:9-35:19
91            android:name="com.google.android.datatransport.runtime.backends.TransportBackendDiscovery"
91-->[com.google.android.datatransport:transport-backend-cct:2.3.3] AndroidManifest.xml:30:13-103
92            android:exported="false" >
92-->[com.google.android.datatransport:transport-backend-cct:2.3.3] AndroidManifest.xml:31:13-37
93            <meta-data
93-->[com.google.android.datatransport:transport-backend-cct:2.3.3] AndroidManifest.xml:32:13-34:39
94                android:name="backend:com.google.android.datatransport.cct.CctBackendFactory"
94-->[com.google.android.datatransport:transport-backend-cct:2.3.3] AndroidManifest.xml:33:17-94
95                android:value="cct" />
95-->[com.google.android.datatransport:transport-backend-cct:2.3.3] AndroidManifest.xml:34:17-36
96        </service>
97        <service
97-->[com.google.android.datatransport:transport-runtime:2.2.6] AndroidManifest.xml:26:9-30:19
98            android:name="com.google.android.datatransport.runtime.scheduling.jobscheduling.JobInfoSchedulerService"
98-->[com.google.android.datatransport:transport-runtime:2.2.6] AndroidManifest.xml:27:13-117
99            android:exported="false"
99-->[com.google.android.datatransport:transport-runtime:2.2.6] AndroidManifest.xml:28:13-37
100            android:permission="android.permission.BIND_JOB_SERVICE" >
100-->[com.google.android.datatransport:transport-runtime:2.2.6] AndroidManifest.xml:29:13-69
101        </service>
102
103        <receiver
103-->[com.google.android.datatransport:transport-runtime:2.2.6] AndroidManifest.xml:32:9-34:40
104            android:name="com.google.android.datatransport.runtime.scheduling.jobscheduling.AlarmManagerSchedulerBroadcastReceiver"
104-->[com.google.android.datatransport:transport-runtime:2.2.6] AndroidManifest.xml:33:13-132
105            android:exported="false" />
105-->[com.google.android.datatransport:transport-runtime:2.2.6] AndroidManifest.xml:34:13-37
106    </application>
107
108</manifest>